
  ___  ____  ____  ____  ____ ®
 /__    /   ____/   /   ____/      18.0
___/   /   /___/   /   /___/       MP—Parallel Edition

 Statistics and Data Science       Copyright 1985-2023 StataCorp LLC
                                   StataCorp
                                   4905 Lakeway Drive
                                   College Station, Texas 77845 USA
                                   800-STATA-PC        https://www.stata.com
                                   979-696-4600        stata@stata.com

Stata license: 15-user 4-core network perpetual
Serial number: 501806323575
  Licensed to: Severin Elvatun
               CRN

Notes:
      1. Stata is running in batch mode.
      2. Unicode is supported; see help unicode_advice.
      3. More than 2 billion observations are allowed; see help obs_advice.
      4. Maximum number of variables is set to 5,000 but can be increased; see help
          set_maxvar.

. do "data_generation.do" 

. // Simulate some survival data 
. 
. set obs 10000
Number of observations (_N) was 0, now 10,000.

. set seed 987123

. 
. gen x1 = rnormal()

. gen x2 = rnormal()

. 
. // Simulation of survival data
. survsim t d, dist(weibull) lambda(0.2) gamma(0.8) maxt(5) cov(x1 0.1 x2 0.1)

. 
. outsheet t d x1 x2 using data.csv , comma 

. 
end of do-file
