
  ___  ____  ____  ____  ____ ®
 /__    /   ____/   /   ____/      18.0
___/   /   /___/   /   /___/       MP—Parallel Edition

 Statistics and Data Science       Copyright 1985-2023 StataCorp LLC
                                   StataCorp
                                   4905 Lakeway Drive
                                   College Station, Texas 77845 USA
                                   800-STATA-PC        https://www.stata.com
                                   979-696-4600        stata@stata.com

Stata license: 15-user 4-core network perpetual
Serial number: 501806323575
  Licensed to: Severin Elvatun
               CRN

Notes:
      1. Stata is running in batch mode.
      2. Unicode is supported; see help unicode_advice.
      3. More than 2 billion observations are allowed; see help obs_advice.
      4. Maximum number of variables is set to 5,000 but can be increased; see help
          set_maxvar.

. do "reference_model.do" 

. insheet using "data.csv", comma clear
(4 vars, 10,000 obs)

. 
. // stset declares the data in memory to be st data, informing 
. // Stata of key variables and their roles in a survival-time 
. // analysis
. stset t, failure(d=1)

Survival-time data settings

         Failure event: d==1
Observed time interval: (0, t]
     Exit on or before: failure

--------------------------------------------------------------------------
     10,000  total observations
          0  exclusions
--------------------------------------------------------------------------
     10,000  observations remaining, representing
      5,182  failures in single-record/single-failure data
  33,954.46  total analysis time at risk and under observation
                                                At risk from t =         0
                                     Earliest observed entry t =         0
                                          Last observed exit t =         5

. 
. mlad (ln_lambda: = x1 x2)   ///
>      (ln_gamma: ),          /// 
>       othervars(_t _d)      ///
>       othervarnames(t d)    ///
>       llfile(weibull_ll) 

Initial:      Log likelihood =  -33954.46
Alternative:  Log likelihood = -17352.064
Rescale:      Log likelihood = -16026.126
Rescale eq:   Log likelihood = -15221.278
Iteration 0:  Log likelihood = -15221.278  
Iteration 1:  Log likelihood = -14668.332  
Iteration 2:  Log likelihood = -14665.716  
Iteration 3:  Log likelihood = -14665.715  

. 
end of do-file
